ERROR - 2023-11-23 11:23:39 --> Error connecting to the database: mysqli_sql_exception: Unknown database 'coffeshop' in C:\install\htdocs\tesproyekif\system\Database\MySQLi\Connection.php:185
Stack trace:
#0 C:\install\htdocs\tesproyekif\system\Database\MySQLi\Connection.php(185): mysqli->real_connect('127.0.0.1', 'root', '', 'coffeshop', 3306, '', 0)
#1 C:\install\htdocs\tesproyekif\system\Database\BaseConnection.php(391): CodeIgniter\Database\MySQLi\Connection->connect(false)
#2 C:\install\htdocs\tesproyekif\system\Database\BaseConnection.php(574): CodeIgniter\Database\BaseConnection->initialize()
#3 C:\install\htdocs\tesproyekif\system\Database\BaseBuilder.php(1615): CodeIgniter\Database\BaseConnection->query('SELECT *\nFROM `...', Array, false)
#4 C:\install\htdocs\tesproyekif\app\Models\UserModel.php(12): CodeIgniter\Database\BaseBuilder->get()
#5 C:\install\htdocs\tesproyekif\app\Controllers\Login.php(25): App\Models\UserModel->getData('louisalkdj', 'louisaaa')
#6 C:\install\htdocs\tesproyekif\system\CodeIgniter.php(919): App\Controllers\Login->action()
#7 C:\install\htdocs\tesproyekif\system\CodeIgniter.php(494): CodeIgniter\CodeIgniter->runController(Object(App\Controllers\Login))
#8 C:\install\htdocs\tesproyekif\system\CodeIgniter.php(353): CodeIgniter\CodeIgniter->handleRequest(NULL, Object(Config\Cache), false)
#9 C:\install\htdocs\tesproyekif\public\index.php(79): CodeIgniter\CodeIgniter->run()
#10 C:\install\htdocs\tesproyekif\system\Commands\Server\rewrite.php(47): require_once('C:\\install\\htdo...')
#11 {main}

Next CodeIgniter\Database\Exceptions\DatabaseException: Unknown database 'coffeshop' in C:\install\htdocs\tesproyekif\system\Database\MySQLi\Connection.php:229
Stack trace:
#0 C:\install\htdocs\tesproyekif\system\Database\BaseConnection.php(391): CodeIgniter\Database\MySQLi\Connection->connect(false)
#1 C:\install\htdocs\tesproyekif\system\Database\BaseConnection.php(574): CodeIgniter\Database\BaseConnection->initialize()
#2 C:\install\htdocs\tesproyekif\system\Database\BaseBuilder.php(1615): CodeIgniter\Database\BaseConnection->query('SELECT *\nFROM `...', Array, false)
#3 C:\install\htdocs\tesproyekif\app\Models\UserModel.php(12): CodeIgniter\Database\BaseBuilder->get()
#4 C:\install\htdocs\tesproyekif\app\Controllers\Login.php(25): App\Models\UserModel->getData('louisalkdj', 'louisaaa')
#5 C:\install\htdocs\tesproyekif\system\CodeIgniter.php(919): App\Controllers\Login->action()
#6 C:\install\htdocs\tesproyekif\system\CodeIgniter.php(494): CodeIgniter\CodeIgniter->runController(Object(App\Controllers\Login))
#7 C:\install\htdocs\tesproyekif\system\CodeIgniter.php(353): CodeIgniter\CodeIgniter->handleRequest(NULL, Object(Config\Cache), false)
#8 C:\install\htdocs\tesproyekif\public\index.php(79): CodeIgniter\CodeIgniter->run()
#9 C:\install\htdocs\tesproyekif\system\Commands\Server\rewrite.php(47): require_once('C:\\install\\htdo...')
#10 {main}
CRITICAL - 2023-11-23 11:23:39 --> Unable to connect to the database.
Main connection [MySQLi]: Unknown database 'coffeshop'
in SYSTEMPATH\Database\BaseConnection.php on line 427.
 1 SYSTEMPATH\Database\BaseConnection.php(574): CodeIgniter\Database\BaseConnection->initialize()
 2 SYSTEMPATH\Database\BaseBuilder.php(1615): CodeIgniter\Database\BaseConnection->query('SELECT *
FROM `karyawan`
WHERE `username` = :username:
AND `password` = :password:', [...], false)
 3 APPPATH\Models\UserModel.php(12): CodeIgniter\Database\BaseBuilder->get()
 4 APPPATH\Controllers\Login.php(25): App\Models\UserModel->getData('louisalkdj', 'louisaaa')
 5 SYSTEMPATH\CodeIgniter.php(919): App\Controllers\Login->action()
 6 SYSTEMPATH\CodeIgniter.php(494): CodeIgniter\CodeIgniter->runController(Object(App\Controllers\Login))
 7 SYSTEMPATH\CodeIgniter.php(353): CodeIgniter\CodeIgniter->handleRequest(null, Object(Config\Cache), false)
 8 FCPATH\index.php(79): CodeIgniter\CodeIgniter->run()
 9 SYSTEMPATH\Commands\Server\rewrite.php(47): require_once('C:\\install\\htdocs\\tesproyekif\\public\\index.php')
ERROR - 2023-11-23 11:27:38 --> Error connecting to the database: mysqli_sql_exception: Unknown database 'coffeshop' in C:\install\htdocs\tesproyekif\system\Database\MySQLi\Connection.php:185
Stack trace:
#0 C:\install\htdocs\tesproyekif\system\Database\MySQLi\Connection.php(185): mysqli->real_connect('127.0.0.1', 'root', '', 'coffeshop', 3306, '', 0)
#1 C:\install\htdocs\tesproyekif\system\Database\BaseConnection.php(391): CodeIgniter\Database\MySQLi\Connection->connect(false)
#2 C:\install\htdocs\tesproyekif\system\Database\BaseConnection.php(574): CodeIgniter\Database\BaseConnection->initialize()
#3 C:\install\htdocs\tesproyekif\system\Database\BaseBuilder.php(1615): CodeIgniter\Database\BaseConnection->query('SELECT *\nFROM `...', Array, false)
#4 C:\install\htdocs\tesproyekif\app\Models\UserModel.php(12): CodeIgniter\Database\BaseBuilder->get()
#5 C:\install\htdocs\tesproyekif\app\Controllers\Login.php(25): App\Models\UserModel->getData('louisalkdj', 'louisaaa')
#6 C:\install\htdocs\tesproyekif\system\CodeIgniter.php(919): App\Controllers\Login->action()
#7 C:\install\htdocs\tesproyekif\system\CodeIgniter.php(494): CodeIgniter\CodeIgniter->runController(Object(App\Controllers\Login))
#8 C:\install\htdocs\tesproyekif\system\CodeIgniter.php(353): CodeIgniter\CodeIgniter->handleRequest(NULL, Object(Config\Cache), false)
#9 C:\install\htdocs\tesproyekif\public\index.php(79): CodeIgniter\CodeIgniter->run()
#10 C:\install\htdocs\tesproyekif\system\Commands\Server\rewrite.php(47): require_once('C:\\install\\htdo...')
#11 {main}

Next CodeIgniter\Database\Exceptions\DatabaseException: Unknown database 'coffeshop' in C:\install\htdocs\tesproyekif\system\Database\MySQLi\Connection.php:229
Stack trace:
#0 C:\install\htdocs\tesproyekif\system\Database\BaseConnection.php(391): CodeIgniter\Database\MySQLi\Connection->connect(false)
#1 C:\install\htdocs\tesproyekif\system\Database\BaseConnection.php(574): CodeIgniter\Database\BaseConnection->initialize()
#2 C:\install\htdocs\tesproyekif\system\Database\BaseBuilder.php(1615): CodeIgniter\Database\BaseConnection->query('SELECT *\nFROM `...', Array, false)
#3 C:\install\htdocs\tesproyekif\app\Models\UserModel.php(12): CodeIgniter\Database\BaseBuilder->get()
#4 C:\install\htdocs\tesproyekif\app\Controllers\Login.php(25): App\Models\UserModel->getData('louisalkdj', 'louisaaa')
#5 C:\install\htdocs\tesproyekif\system\CodeIgniter.php(919): App\Controllers\Login->action()
#6 C:\install\htdocs\tesproyekif\system\CodeIgniter.php(494): CodeIgniter\CodeIgniter->runController(Object(App\Controllers\Login))
#7 C:\install\htdocs\tesproyekif\system\CodeIgniter.php(353): CodeIgniter\CodeIgniter->handleRequest(NULL, Object(Config\Cache), false)
#8 C:\install\htdocs\tesproyekif\public\index.php(79): CodeIgniter\CodeIgniter->run()
#9 C:\install\htdocs\tesproyekif\system\Commands\Server\rewrite.php(47): require_once('C:\\install\\htdo...')
#10 {main}
CRITICAL - 2023-11-23 11:27:38 --> Unable to connect to the database.
Main connection [MySQLi]: Unknown database 'coffeshop'
in SYSTEMPATH\Database\BaseConnection.php on line 427.
 1 SYSTEMPATH\Database\BaseConnection.php(574): CodeIgniter\Database\BaseConnection->initialize()
 2 SYSTEMPATH\Database\BaseBuilder.php(1615): CodeIgniter\Database\BaseConnection->query('SELECT *
FROM `karyawan`
WHERE `username` = :username:
AND `password` = :password:', [...], false)
 3 APPPATH\Models\UserModel.php(12): CodeIgniter\Database\BaseBuilder->get()
 4 APPPATH\Controllers\Login.php(25): App\Models\UserModel->getData('louisalkdj', 'louisaaa')
 5 SYSTEMPATH\CodeIgniter.php(919): App\Controllers\Login->action()
 6 SYSTEMPATH\CodeIgniter.php(494): CodeIgniter\CodeIgniter->runController(Object(App\Controllers\Login))
 7 SYSTEMPATH\CodeIgniter.php(353): CodeIgniter\CodeIgniter->handleRequest(null, Object(Config\Cache), false)
 8 FCPATH\index.php(79): CodeIgniter\CodeIgniter->run()
 9 SYSTEMPATH\Commands\Server\rewrite.php(47): require_once('C:\\install\\htdocs\\tesproyekif\\public\\index.php')
ERROR - 2023-11-23 11:45:29 --> Error connecting to the database: mysqli_sql_exception: Unknown database 'coffeshop' in C:\install\htdocs\tesproyekif\system\Database\MySQLi\Connection.php:185
Stack trace:
#0 C:\install\htdocs\tesproyekif\system\Database\MySQLi\Connection.php(185): mysqli->real_connect('127.0.0.1', 'root', '', 'coffeshop', 3306, '', 0)
#1 C:\install\htdocs\tesproyekif\system\Database\BaseConnection.php(391): CodeIgniter\Database\MySQLi\Connection->connect(false)
#2 C:\install\htdocs\tesproyekif\system\Database\BaseConnection.php(574): CodeIgniter\Database\BaseConnection->initialize()
#3 C:\install\htdocs\tesproyekif\system\Database\BaseBuilder.php(1615): CodeIgniter\Database\BaseConnection->query('SELECT *\nFROM `...', Array, false)
#4 C:\install\htdocs\tesproyekif\app\Models\UserModel.php(12): CodeIgniter\Database\BaseBuilder->get()
#5 C:\install\htdocs\tesproyekif\app\Controllers\Login.php(25): App\Models\UserModel->getData('louisalkdj', 'louisaaa')
#6 C:\install\htdocs\tesproyekif\system\CodeIgniter.php(919): App\Controllers\Login->action()
#7 C:\install\htdocs\tesproyekif\system\CodeIgniter.php(494): CodeIgniter\CodeIgniter->runController(Object(App\Controllers\Login))
#8 C:\install\htdocs\tesproyekif\system\CodeIgniter.php(353): CodeIgniter\CodeIgniter->handleRequest(NULL, Object(Config\Cache), false)
#9 C:\install\htdocs\tesproyekif\public\index.php(79): CodeIgniter\CodeIgniter->run()
#10 C:\install\htdocs\tesproyekif\system\Commands\Server\rewrite.php(47): require_once('C:\\install\\htdo...')
#11 {main}

Next CodeIgniter\Database\Exceptions\DatabaseException: Unknown database 'coffeshop' in C:\install\htdocs\tesproyekif\system\Database\MySQLi\Connection.php:229
Stack trace:
#0 C:\install\htdocs\tesproyekif\system\Database\BaseConnection.php(391): CodeIgniter\Database\MySQLi\Connection->connect(false)
#1 C:\install\htdocs\tesproyekif\system\Database\BaseConnection.php(574): CodeIgniter\Database\BaseConnection->initialize()
#2 C:\install\htdocs\tesproyekif\system\Database\BaseBuilder.php(1615): CodeIgniter\Database\BaseConnection->query('SELECT *\nFROM `...', Array, false)
#3 C:\install\htdocs\tesproyekif\app\Models\UserModel.php(12): CodeIgniter\Database\BaseBuilder->get()
#4 C:\install\htdocs\tesproyekif\app\Controllers\Login.php(25): App\Models\UserModel->getData('louisalkdj', 'louisaaa')
#5 C:\install\htdocs\tesproyekif\system\CodeIgniter.php(919): App\Controllers\Login->action()
#6 C:\install\htdocs\tesproyekif\system\CodeIgniter.php(494): CodeIgniter\CodeIgniter->runController(Object(App\Controllers\Login))
#7 C:\install\htdocs\tesproyekif\system\CodeIgniter.php(353): CodeIgniter\CodeIgniter->handleRequest(NULL, Object(Config\Cache), false)
#8 C:\install\htdocs\tesproyekif\public\index.php(79): CodeIgniter\CodeIgniter->run()
#9 C:\install\htdocs\tesproyekif\system\Commands\Server\rewrite.php(47): require_once('C:\\install\\htdo...')
#10 {main}
CRITICAL - 2023-11-23 11:45:29 --> Unable to connect to the database.
Main connection [MySQLi]: Unknown database 'coffeshop'
in SYSTEMPATH\Database\BaseConnection.php on line 427.
 1 SYSTEMPATH\Database\BaseConnection.php(574): CodeIgniter\Database\BaseConnection->initialize()
 2 SYSTEMPATH\Database\BaseBuilder.php(1615): CodeIgniter\Database\BaseConnection->query('SELECT *
FROM `karyawan`
WHERE `username` = :username:
AND `password` = :password:', [...], false)
 3 APPPATH\Models\UserModel.php(12): CodeIgniter\Database\BaseBuilder->get()
 4 APPPATH\Controllers\Login.php(25): App\Models\UserModel->getData('louisalkdj', 'louisaaa')
 5 SYSTEMPATH\CodeIgniter.php(919): App\Controllers\Login->action()
 6 SYSTEMPATH\CodeIgniter.php(494): CodeIgniter\CodeIgniter->runController(Object(App\Controllers\Login))
 7 SYSTEMPATH\CodeIgniter.php(353): CodeIgniter\CodeIgniter->handleRequest(null, Object(Config\Cache), false)
 8 FCPATH\index.php(79): CodeIgniter\CodeIgniter->run()
 9 SYSTEMPATH\Commands\Server\rewrite.php(47): require_once('C:\\install\\htdocs\\tesproyekif\\public\\index.php')
CRITICAL - 2023-11-23 12:54:03 --> Undefined variable $totalPendapatan
in APPPATH\Views\pageskaryawan\laporan.php on line 19.
 1 APPPATH\Views\pageskaryawan\laporan.php(19): CodeIgniter\Debug\Exceptions->errorHandler(2, 'Undefined variable $totalPendapatan', 'C:\\install\\htdocs\\tesproyekif\\app\\Views\\pageskaryawan\\laporan.php', 19)
 2 SYSTEMPATH\View\View.php(226): include('C:\\install\\htdocs\\tesproyekif\\app\\Views\\pageskaryawan\\laporan.php')
 3 SYSTEMPATH\View\View.php(229): CodeIgniter\View\View->CodeIgniter\View\{closure}()
 4 SYSTEMPATH\Common.php(1188): CodeIgniter\View\View->render('pageskaryawan/laporan', [], true)
 5 APPPATH\Controllers\PagesKaryawan.php(23): view('pageskaryawan/laporan', [...])
 6 SYSTEMPATH\CodeIgniter.php(919): App\Controllers\PagesKaryawan->laporan()
 7 SYSTEMPATH\CodeIgniter.php(494): CodeIgniter\CodeIgniter->runController(Object(App\Controllers\PagesKaryawan))
 8 SYSTEMPATH\CodeIgniter.php(353): CodeIgniter\CodeIgniter->handleRequest(null, Object(Config\Cache), false)
 9 FCPATH\index.php(79): CodeIgniter\CodeIgniter->run()
10 SYSTEMPATH\Commands\Server\rewrite.php(47): require_once('C:\\install\\htdocs\\tesproyekif\\public\\index.php')
CRITICAL - 2023-11-23 12:58:19 --> Undefined variable $totalPendapatan
in APPPATH\Views\pageskaryawan\laporan.php on line 19.
 1 APPPATH\Views\pageskaryawan\laporan.php(19): CodeIgniter\Debug\Exceptions->errorHandler(2, 'Undefined variable $totalPendapatan', 'C:\\install\\htdocs\\tesproyekif\\app\\Views\\pageskaryawan\\laporan.php', 19)
 2 SYSTEMPATH\View\View.php(226): include('C:\\install\\htdocs\\tesproyekif\\app\\Views\\pageskaryawan\\laporan.php')
 3 SYSTEMPATH\View\View.php(229): CodeIgniter\View\View->CodeIgniter\View\{closure}()
 4 SYSTEMPATH\Common.php(1188): CodeIgniter\View\View->render('pageskaryawan/laporan', [], true)
 5 APPPATH\Controllers\PagesKaryawan.php(23): view('pageskaryawan/laporan', [...])
 6 SYSTEMPATH\CodeIgniter.php(919): App\Controllers\PagesKaryawan->laporan()
 7 SYSTEMPATH\CodeIgniter.php(494): CodeIgniter\CodeIgniter->runController(Object(App\Controllers\PagesKaryawan))
 8 SYSTEMPATH\CodeIgniter.php(353): CodeIgniter\CodeIgniter->handleRequest(null, Object(Config\Cache), false)
 9 FCPATH\index.php(79): CodeIgniter\CodeIgniter->run()
10 SYSTEMPATH\Commands\Server\rewrite.php(47): require_once('C:\\install\\htdocs\\tesproyekif\\public\\index.php')
CRITICAL - 2023-11-23 13:00:44 --> Undefined variable $total_Pendapatan
in APPPATH\Views\pageskaryawan\laporan.php on line 19.
 1 APPPATH\Views\pageskaryawan\laporan.php(19): CodeIgniter\Debug\Exceptions->errorHandler(2, 'Undefined variable $total_Pendapatan', 'C:\\install\\htdocs\\tesproyekif\\app\\Views\\pageskaryawan\\laporan.php', 19)
 2 SYSTEMPATH\View\View.php(226): include('C:\\install\\htdocs\\tesproyekif\\app\\Views\\pageskaryawan\\laporan.php')
 3 SYSTEMPATH\View\View.php(229): CodeIgniter\View\View->CodeIgniter\View\{closure}()
 4 SYSTEMPATH\Common.php(1188): CodeIgniter\View\View->render('pageskaryawan/laporan', [], true)
 5 APPPATH\Controllers\PagesKaryawan.php(23): view('pageskaryawan/laporan', [...])
 6 SYSTEMPATH\CodeIgniter.php(919): App\Controllers\PagesKaryawan->laporan()
 7 SYSTEMPATH\CodeIgniter.php(494): CodeIgniter\CodeIgniter->runController(Object(App\Controllers\PagesKaryawan))
 8 SYSTEMPATH\CodeIgniter.php(353): CodeIgniter\CodeIgniter->handleRequest(null, Object(Config\Cache), false)
 9 FCPATH\index.php(79): CodeIgniter\CodeIgniter->run()
10 SYSTEMPATH\Commands\Server\rewrite.php(47): require_once('C:\\install\\htdocs\\tesproyekif\\public\\index.php')
CRITICAL - 2023-11-23 13:05:28 --> Undefined variable $total_Pendapatan
in APPPATH\Views\pageskaryawan\laporan.php on line 19.
 1 APPPATH\Views\pageskaryawan\laporan.php(19): CodeIgniter\Debug\Exceptions->errorHandler(2, 'Undefined variable $total_Pendapatan', 'C:\\install\\htdocs\\tesproyekif\\app\\Views\\pageskaryawan\\laporan.php', 19)
 2 SYSTEMPATH\View\View.php(226): include('C:\\install\\htdocs\\tesproyekif\\app\\Views\\pageskaryawan\\laporan.php')
 3 SYSTEMPATH\View\View.php(229): CodeIgniter\View\View->CodeIgniter\View\{closure}()
 4 SYSTEMPATH\Common.php(1188): CodeIgniter\View\View->render('pageskaryawan/laporan', [], true)
 5 APPPATH\Controllers\PagesKaryawan.php(23): view('pageskaryawan/laporan', [...])
 6 SYSTEMPATH\CodeIgniter.php(919): App\Controllers\PagesKaryawan->laporan()
 7 SYSTEMPATH\CodeIgniter.php(494): CodeIgniter\CodeIgniter->runController(Object(App\Controllers\PagesKaryawan))
 8 SYSTEMPATH\CodeIgniter.php(353): CodeIgniter\CodeIgniter->handleRequest(null, Object(Config\Cache), false)
 9 FCPATH\index.php(79): CodeIgniter\CodeIgniter->run()
10 SYSTEMPATH\Commands\Server\rewrite.php(47): require_once('C:\\install\\htdocs\\tesproyekif\\public\\index.php')
CRITICAL - 2023-11-23 13:05:29 --> Undefined variable $total_Pendapatan
in APPPATH\Views\pageskaryawan\laporan.php on line 19.
 1 APPPATH\Views\pageskaryawan\laporan.php(19): CodeIgniter\Debug\Exceptions->errorHandler(2, 'Undefined variable $total_Pendapatan', 'C:\\install\\htdocs\\tesproyekif\\app\\Views\\pageskaryawan\\laporan.php', 19)
 2 SYSTEMPATH\View\View.php(226): include('C:\\install\\htdocs\\tesproyekif\\app\\Views\\pageskaryawan\\laporan.php')
 3 SYSTEMPATH\View\View.php(229): CodeIgniter\View\View->CodeIgniter\View\{closure}()
 4 SYSTEMPATH\Common.php(1188): CodeIgniter\View\View->render('pageskaryawan/laporan', [], true)
 5 APPPATH\Controllers\PagesKaryawan.php(23): view('pageskaryawan/laporan', [...])
 6 SYSTEMPATH\CodeIgniter.php(919): App\Controllers\PagesKaryawan->laporan()
 7 SYSTEMPATH\CodeIgniter.php(494): CodeIgniter\CodeIgniter->runController(Object(App\Controllers\PagesKaryawan))
 8 SYSTEMPATH\CodeIgniter.php(353): CodeIgniter\CodeIgniter->handleRequest(null, Object(Config\Cache), false)
 9 FCPATH\index.php(79): CodeIgniter\CodeIgniter->run()
10 SYSTEMPATH\Commands\Server\rewrite.php(47): require_once('C:\\install\\htdocs\\tesproyekif\\public\\index.php')
CRITICAL - 2023-11-23 13:05:33 --> Undefined variable $total_Pendapatan
in APPPATH\Views\pageskaryawan\laporan.php on line 19.
 1 APPPATH\Views\pageskaryawan\laporan.php(19): CodeIgniter\Debug\Exceptions->errorHandler(2, 'Undefined variable $total_Pendapatan', 'C:\\install\\htdocs\\tesproyekif\\app\\Views\\pageskaryawan\\laporan.php', 19)
 2 SYSTEMPATH\View\View.php(226): include('C:\\install\\htdocs\\tesproyekif\\app\\Views\\pageskaryawan\\laporan.php')
 3 SYSTEMPATH\View\View.php(229): CodeIgniter\View\View->CodeIgniter\View\{closure}()
 4 SYSTEMPATH\Common.php(1188): CodeIgniter\View\View->render('pageskaryawan/laporan', [], true)
 5 APPPATH\Controllers\PagesKaryawan.php(23): view('pageskaryawan/laporan', [...])
 6 SYSTEMPATH\CodeIgniter.php(919): App\Controllers\PagesKaryawan->laporan()
 7 SYSTEMPATH\CodeIgniter.php(494): CodeIgniter\CodeIgniter->runController(Object(App\Controllers\PagesKaryawan))
 8 SYSTEMPATH\CodeIgniter.php(353): CodeIgniter\CodeIgniter->handleRequest(null, Object(Config\Cache), false)
 9 FCPATH\index.php(79): CodeIgniter\CodeIgniter->run()
10 SYSTEMPATH\Commands\Server\rewrite.php(47): require_once('C:\\install\\htdocs\\tesproyekif\\public\\index.php')
CRITICAL - 2023-11-23 13:21:33 --> Undefined variable $total_pendapatan
in APPPATH\Views\pageskaryawan\laporan.php on line 19.
 1 APPPATH\Views\pageskaryawan\laporan.php(19): CodeIgniter\Debug\Exceptions->errorHandler(2, 'Undefined variable $total_pendapatan', 'C:\\install\\htdocs\\tesproyekif\\app\\Views\\pageskaryawan\\laporan.php', 19)
 2 SYSTEMPATH\View\View.php(226): include('C:\\install\\htdocs\\tesproyekif\\app\\Views\\pageskaryawan\\laporan.php')
 3 SYSTEMPATH\View\View.php(229): CodeIgniter\View\View->CodeIgniter\View\{closure}()
 4 SYSTEMPATH\Common.php(1188): CodeIgniter\View\View->render('pageskaryawan/laporan', [], true)
 5 APPPATH\Controllers\PagesKaryawan.php(23): view('pageskaryawan/laporan', [...])
 6 SYSTEMPATH\CodeIgniter.php(919): App\Controllers\PagesKaryawan->laporan()
 7 SYSTEMPATH\CodeIgniter.php(494): CodeIgniter\CodeIgniter->runController(Object(App\Controllers\PagesKaryawan))
 8 SYSTEMPATH\CodeIgniter.php(353): CodeIgniter\CodeIgniter->handleRequest(null, Object(Config\Cache), false)
 9 FCPATH\index.php(79): CodeIgniter\CodeIgniter->run()
10 SYSTEMPATH\Commands\Server\rewrite.php(47): require_once('C:\\install\\htdocs\\tesproyekif\\public\\index.php')
CRITICAL - 2023-11-23 13:23:30 --> Undefined variable $total_pendapatan
in APPPATH\Views\pageskaryawan\laporan.php on line 19.
 1 APPPATH\Views\pageskaryawan\laporan.php(19): CodeIgniter\Debug\Exceptions->errorHandler(2, 'Undefined variable $total_pendapatan', 'C:\\install\\htdocs\\tesproyekif\\app\\Views\\pageskaryawan\\laporan.php', 19)
 2 SYSTEMPATH\View\View.php(226): include('C:\\install\\htdocs\\tesproyekif\\app\\Views\\pageskaryawan\\laporan.php')
 3 SYSTEMPATH\View\View.php(229): CodeIgniter\View\View->CodeIgniter\View\{closure}()
 4 SYSTEMPATH\Common.php(1188): CodeIgniter\View\View->render('pageskaryawan/laporan', [], true)
 5 APPPATH\Controllers\PagesKaryawan.php(23): view('pageskaryawan/laporan', [...])
 6 SYSTEMPATH\CodeIgniter.php(919): App\Controllers\PagesKaryawan->laporan()
 7 SYSTEMPATH\CodeIgniter.php(494): CodeIgniter\CodeIgniter->runController(Object(App\Controllers\PagesKaryawan))
 8 SYSTEMPATH\CodeIgniter.php(353): CodeIgniter\CodeIgniter->handleRequest(null, Object(Config\Cache), false)
 9 FCPATH\index.php(79): CodeIgniter\CodeIgniter->run()
10 SYSTEMPATH\Commands\Server\rewrite.php(47): require_once('C:\\install\\htdocs\\tesproyekif\\public\\index.php')
CRITICAL - 2023-11-23 13:29:19 --> Undefined variable $total_pendapatan
in APPPATH\Views\pageskaryawan\laporan.php on line 19.
 1 APPPATH\Views\pageskaryawan\laporan.php(19): CodeIgniter\Debug\Exceptions->errorHandler(2, 'Undefined variable $total_pendapatan', 'C:\\install\\htdocs\\tesproyekif\\app\\Views\\pageskaryawan\\laporan.php', 19)
 2 SYSTEMPATH\View\View.php(226): include('C:\\install\\htdocs\\tesproyekif\\app\\Views\\pageskaryawan\\laporan.php')
 3 SYSTEMPATH\View\View.php(229): CodeIgniter\View\View->CodeIgniter\View\{closure}()
 4 SYSTEMPATH\Common.php(1188): CodeIgniter\View\View->render('pageskaryawan/laporan', [], true)
 5 APPPATH\Controllers\PagesKaryawan.php(23): view('pageskaryawan/laporan', [...])
 6 SYSTEMPATH\CodeIgniter.php(919): App\Controllers\PagesKaryawan->laporan()
 7 SYSTEMPATH\CodeIgniter.php(494): CodeIgniter\CodeIgniter->runController(Object(App\Controllers\PagesKaryawan))
 8 SYSTEMPATH\CodeIgniter.php(353): CodeIgniter\CodeIgniter->handleRequest(null, Object(Config\Cache), false)
 9 FCPATH\index.php(79): CodeIgniter\CodeIgniter->run()
10 SYSTEMPATH\Commands\Server\rewrite.php(47): require_once('C:\\install\\htdocs\\tesproyekif\\public\\index.php')
CRITICAL - 2023-11-23 13:29:22 --> Undefined variable $total_pendapatan
in APPPATH\Views\pageskaryawan\laporan.php on line 19.
 1 APPPATH\Views\pageskaryawan\laporan.php(19): CodeIgniter\Debug\Exceptions->errorHandler(2, 'Undefined variable $total_pendapatan', 'C:\\install\\htdocs\\tesproyekif\\app\\Views\\pageskaryawan\\laporan.php', 19)
 2 SYSTEMPATH\View\View.php(226): include('C:\\install\\htdocs\\tesproyekif\\app\\Views\\pageskaryawan\\laporan.php')
 3 SYSTEMPATH\View\View.php(229): CodeIgniter\View\View->CodeIgniter\View\{closure}()
 4 SYSTEMPATH\Common.php(1188): CodeIgniter\View\View->render('pageskaryawan/laporan', [], true)
 5 APPPATH\Controllers\PagesKaryawan.php(23): view('pageskaryawan/laporan', [...])
 6 SYSTEMPATH\CodeIgniter.php(919): App\Controllers\PagesKaryawan->laporan()
 7 SYSTEMPATH\CodeIgniter.php(494): CodeIgniter\CodeIgniter->runController(Object(App\Controllers\PagesKaryawan))
 8 SYSTEMPATH\CodeIgniter.php(353): CodeIgniter\CodeIgniter->handleRequest(null, Object(Config\Cache), false)
 9 FCPATH\index.php(79): CodeIgniter\CodeIgniter->run()
10 SYSTEMPATH\Commands\Server\rewrite.php(47): require_once('C:\\install\\htdocs\\tesproyekif\\public\\index.php')
CRITICAL - 2023-11-23 13:29:22 --> Undefined variable $total_pendapatan
in APPPATH\Views\pageskaryawan\laporan.php on line 19.
 1 APPPATH\Views\pageskaryawan\laporan.php(19): CodeIgniter\Debug\Exceptions->errorHandler(2, 'Undefined variable $total_pendapatan', 'C:\\install\\htdocs\\tesproyekif\\app\\Views\\pageskaryawan\\laporan.php', 19)
 2 SYSTEMPATH\View\View.php(226): include('C:\\install\\htdocs\\tesproyekif\\app\\Views\\pageskaryawan\\laporan.php')
 3 SYSTEMPATH\View\View.php(229): CodeIgniter\View\View->CodeIgniter\View\{closure}()
 4 SYSTEMPATH\Common.php(1188): CodeIgniter\View\View->render('pageskaryawan/laporan', [], true)
 5 APPPATH\Controllers\PagesKaryawan.php(23): view('pageskaryawan/laporan', [...])
 6 SYSTEMPATH\CodeIgniter.php(919): App\Controllers\PagesKaryawan->laporan()
 7 SYSTEMPATH\CodeIgniter.php(494): CodeIgniter\CodeIgniter->runController(Object(App\Controllers\PagesKaryawan))
 8 SYSTEMPATH\CodeIgniter.php(353): CodeIgniter\CodeIgniter->handleRequest(null, Object(Config\Cache), false)
 9 FCPATH\index.php(79): CodeIgniter\CodeIgniter->run()
10 SYSTEMPATH\Commands\Server\rewrite.php(47): require_once('C:\\install\\htdocs\\tesproyekif\\public\\index.php')
CRITICAL - 2023-11-23 13:29:22 --> Undefined variable $total_pendapatan
in APPPATH\Views\pageskaryawan\laporan.php on line 19.
 1 APPPATH\Views\pageskaryawan\laporan.php(19): CodeIgniter\Debug\Exceptions->errorHandler(2, 'Undefined variable $total_pendapatan', 'C:\\install\\htdocs\\tesproyekif\\app\\Views\\pageskaryawan\\laporan.php', 19)
 2 SYSTEMPATH\View\View.php(226): include('C:\\install\\htdocs\\tesproyekif\\app\\Views\\pageskaryawan\\laporan.php')
 3 SYSTEMPATH\View\View.php(229): CodeIgniter\View\View->CodeIgniter\View\{closure}()
 4 SYSTEMPATH\Common.php(1188): CodeIgniter\View\View->render('pageskaryawan/laporan', [], true)
 5 APPPATH\Controllers\PagesKaryawan.php(23): view('pageskaryawan/laporan', [...])
 6 SYSTEMPATH\CodeIgniter.php(919): App\Controllers\PagesKaryawan->laporan()
 7 SYSTEMPATH\CodeIgniter.php(494): CodeIgniter\CodeIgniter->runController(Object(App\Controllers\PagesKaryawan))
 8 SYSTEMPATH\CodeIgniter.php(353): CodeIgniter\CodeIgniter->handleRequest(null, Object(Config\Cache), false)
 9 FCPATH\index.php(79): CodeIgniter\CodeIgniter->run()
10 SYSTEMPATH\Commands\Server\rewrite.php(47): require_once('C:\\install\\htdocs\\tesproyekif\\public\\index.php')
CRITICAL - 2023-11-23 13:29:45 --> Undefined variable $total_pendapatan
in APPPATH\Views\pageskaryawan\laporan.php on line 19.
 1 APPPATH\Views\pageskaryawan\laporan.php(19): CodeIgniter\Debug\Exceptions->errorHandler(2, 'Undefined variable $total_pendapatan', 'C:\\install\\htdocs\\tesproyekif\\app\\Views\\pageskaryawan\\laporan.php', 19)
 2 SYSTEMPATH\View\View.php(226): include('C:\\install\\htdocs\\tesproyekif\\app\\Views\\pageskaryawan\\laporan.php')
 3 SYSTEMPATH\View\View.php(229): CodeIgniter\View\View->CodeIgniter\View\{closure}()
 4 SYSTEMPATH\Common.php(1188): CodeIgniter\View\View->render('pageskaryawan/laporan', [], true)
 5 APPPATH\Controllers\PagesKaryawan.php(23): view('pageskaryawan/laporan', [...])
 6 SYSTEMPATH\CodeIgniter.php(919): App\Controllers\PagesKaryawan->laporan()
 7 SYSTEMPATH\CodeIgniter.php(494): CodeIgniter\CodeIgniter->runController(Object(App\Controllers\PagesKaryawan))
 8 SYSTEMPATH\CodeIgniter.php(353): CodeIgniter\CodeIgniter->handleRequest(null, Object(Config\Cache), false)
 9 FCPATH\index.php(79): CodeIgniter\CodeIgniter->run()
10 SYSTEMPATH\Commands\Server\rewrite.php(47): require_once('C:\\install\\htdocs\\tesproyekif\\public\\index.php')
CRITICAL - 2023-11-23 13:30:25 --> Undefined variable $total_pendapatan
in APPPATH\Views\pageskaryawan\laporan.php on line 19.
 1 APPPATH\Views\pageskaryawan\laporan.php(19): CodeIgniter\Debug\Exceptions->errorHandler(2, 'Undefined variable $total_pendapatan', 'C:\\install\\htdocs\\tesproyekif\\app\\Views\\pageskaryawan\\laporan.php', 19)
 2 SYSTEMPATH\View\View.php(226): include('C:\\install\\htdocs\\tesproyekif\\app\\Views\\pageskaryawan\\laporan.php')
 3 SYSTEMPATH\View\View.php(229): CodeIgniter\View\View->CodeIgniter\View\{closure}()
 4 SYSTEMPATH\Common.php(1188): CodeIgniter\View\View->render('pageskaryawan/laporan', [], true)
 5 APPPATH\Controllers\PagesKaryawan.php(23): view('pageskaryawan/laporan', [...])
 6 SYSTEMPATH\CodeIgniter.php(919): App\Controllers\PagesKaryawan->laporan()
 7 SYSTEMPATH\CodeIgniter.php(494): CodeIgniter\CodeIgniter->runController(Object(App\Controllers\PagesKaryawan))
 8 SYSTEMPATH\CodeIgniter.php(353): CodeIgniter\CodeIgniter->handleRequest(null, Object(Config\Cache), false)
 9 FCPATH\index.php(79): CodeIgniter\CodeIgniter->run()
10 SYSTEMPATH\Commands\Server\rewrite.php(47): require_once('C:\\install\\htdocs\\tesproyekif\\public\\index.php')
CRITICAL - 2023-11-23 13:34:54 --> Undefined variable $total_pendapatan
in APPPATH\Views\pageskaryawan\laporan.php on line 19.
 1 APPPATH\Views\pageskaryawan\laporan.php(19): CodeIgniter\Debug\Exceptions->errorHandler(2, 'Undefined variable $total_pendapatan', 'C:\\install\\htdocs\\tesproyekif\\app\\Views\\pageskaryawan\\laporan.php', 19)
 2 SYSTEMPATH\View\View.php(226): include('C:\\install\\htdocs\\tesproyekif\\app\\Views\\pageskaryawan\\laporan.php')
 3 SYSTEMPATH\View\View.php(229): CodeIgniter\View\View->CodeIgniter\View\{closure}()
 4 SYSTEMPATH\Common.php(1188): CodeIgniter\View\View->render('pageskaryawan/laporan', [], true)
 5 APPPATH\Controllers\PagesKaryawan.php(23): view('pageskaryawan/laporan', [...])
 6 SYSTEMPATH\CodeIgniter.php(919): App\Controllers\PagesKaryawan->laporan()
 7 SYSTEMPATH\CodeIgniter.php(494): CodeIgniter\CodeIgniter->runController(Object(App\Controllers\PagesKaryawan))
 8 SYSTEMPATH\CodeIgniter.php(353): CodeIgniter\CodeIgniter->handleRequest(null, Object(Config\Cache), false)
 9 FCPATH\index.php(79): CodeIgniter\CodeIgniter->run()
10 SYSTEMPATH\Commands\Server\rewrite.php(47): require_once('C:\\install\\htdocs\\tesproyekif\\public\\index.php')
CRITICAL - 2023-11-23 13:36:17 --> Undefined variable $total_pendapatan
in APPPATH\Views\pageskaryawan\laporan.php on line 19.
 1 APPPATH\Views\pageskaryawan\laporan.php(19): CodeIgniter\Debug\Exceptions->errorHandler(2, 'Undefined variable $total_pendapatan', 'C:\\install\\htdocs\\tesproyekif\\app\\Views\\pageskaryawan\\laporan.php', 19)
 2 SYSTEMPATH\View\View.php(226): include('C:\\install\\htdocs\\tesproyekif\\app\\Views\\pageskaryawan\\laporan.php')
 3 SYSTEMPATH\View\View.php(229): CodeIgniter\View\View->CodeIgniter\View\{closure}()
 4 SYSTEMPATH\Common.php(1188): CodeIgniter\View\View->render('pageskaryawan/laporan', [], true)
 5 APPPATH\Controllers\PagesKaryawan.php(23): view('pageskaryawan/laporan', [...])
 6 SYSTEMPATH\CodeIgniter.php(919): App\Controllers\PagesKaryawan->laporan()
 7 SYSTEMPATH\CodeIgniter.php(494): CodeIgniter\CodeIgniter->runController(Object(App\Controllers\PagesKaryawan))
 8 SYSTEMPATH\CodeIgniter.php(353): CodeIgniter\CodeIgniter->handleRequest(null, Object(Config\Cache), false)
 9 FCPATH\index.php(79): CodeIgniter\CodeIgniter->run()
10 SYSTEMPATH\Commands\Server\rewrite.php(47): require_once('C:\\install\\htdocs\\tesproyekif\\public\\index.php')
CRITICAL - 2023-11-23 13:41:17 --> Undefined variable $total_pendapatan
in APPPATH\Views\pageskaryawan\laporan.php on line 19.
 1 APPPATH\Views\pageskaryawan\laporan.php(19): CodeIgniter\Debug\Exceptions->errorHandler(2, 'Undefined variable $total_pendapatan', 'C:\\install\\htdocs\\tesproyekif\\app\\Views\\pageskaryawan\\laporan.php', 19)
 2 SYSTEMPATH\View\View.php(226): include('C:\\install\\htdocs\\tesproyekif\\app\\Views\\pageskaryawan\\laporan.php')
 3 SYSTEMPATH\View\View.php(229): CodeIgniter\View\View->CodeIgniter\View\{closure}()
 4 SYSTEMPATH\Common.php(1188): CodeIgniter\View\View->render('pageskaryawan/laporan', [], true)
 5 APPPATH\Controllers\PagesKaryawan.php(23): view('pageskaryawan/laporan', [...])
 6 SYSTEMPATH\CodeIgniter.php(919): App\Controllers\PagesKaryawan->laporan()
 7 SYSTEMPATH\CodeIgniter.php(494): CodeIgniter\CodeIgniter->runController(Object(App\Controllers\PagesKaryawan))
 8 SYSTEMPATH\CodeIgniter.php(353): CodeIgniter\CodeIgniter->handleRequest(null, Object(Config\Cache), false)
 9 FCPATH\index.php(79): CodeIgniter\CodeIgniter->run()
10 SYSTEMPATH\Commands\Server\rewrite.php(47): require_once('C:\\install\\htdocs\\tesproyekif\\public\\index.php')
CRITICAL - 2023-11-23 13:43:40 --> Undefined variable $total_pendapatan
in APPPATH\Views\pageskaryawan\laporan.php on line 19.
 1 APPPATH\Views\pageskaryawan\laporan.php(19): CodeIgniter\Debug\Exceptions->errorHandler(2, 'Undefined variable $total_pendapatan', 'C:\\install\\htdocs\\tesproyekif\\app\\Views\\pageskaryawan\\laporan.php', 19)
 2 SYSTEMPATH\View\View.php(226): include('C:\\install\\htdocs\\tesproyekif\\app\\Views\\pageskaryawan\\laporan.php')
 3 SYSTEMPATH\View\View.php(229): CodeIgniter\View\View->CodeIgniter\View\{closure}()
 4 SYSTEMPATH\Common.php(1188): CodeIgniter\View\View->render('pageskaryawan/laporan', [], true)
 5 APPPATH\Controllers\PagesKaryawan.php(23): view('pageskaryawan/laporan', [...])
 6 SYSTEMPATH\CodeIgniter.php(919): App\Controllers\PagesKaryawan->laporan()
 7 SYSTEMPATH\CodeIgniter.php(494): CodeIgniter\CodeIgniter->runController(Object(App\Controllers\PagesKaryawan))
 8 SYSTEMPATH\CodeIgniter.php(353): CodeIgniter\CodeIgniter->handleRequest(null, Object(Config\Cache), false)
 9 FCPATH\index.php(79): CodeIgniter\CodeIgniter->run()
10 SYSTEMPATH\Commands\Server\rewrite.php(47): require_once('C:\\install\\htdocs\\tesproyekif\\public\\index.php')
CRITICAL - 2023-11-23 13:53:33 --> Undefined variable $total_pendapatan
in APPPATH\Views\pageskaryawan\laporan.php on line 19.
 1 APPPATH\Views\pageskaryawan\laporan.php(19): CodeIgniter\Debug\Exceptions->errorHandler(2, 'Undefined variable $total_pendapatan', 'C:\\install\\htdocs\\tesproyekif\\app\\Views\\pageskaryawan\\laporan.php', 19)
 2 SYSTEMPATH\View\View.php(226): include('C:\\install\\htdocs\\tesproyekif\\app\\Views\\pageskaryawan\\laporan.php')
 3 SYSTEMPATH\View\View.php(229): CodeIgniter\View\View->CodeIgniter\View\{closure}()
 4 SYSTEMPATH\Common.php(1188): CodeIgniter\View\View->render('pageskaryawan/laporan', [], true)
 5 APPPATH\Controllers\PagesKaryawan.php(23): view('pageskaryawan/laporan', [...])
 6 SYSTEMPATH\CodeIgniter.php(919): App\Controllers\PagesKaryawan->laporan()
 7 SYSTEMPATH\CodeIgniter.php(494): CodeIgniter\CodeIgniter->runController(Object(App\Controllers\PagesKaryawan))
 8 SYSTEMPATH\CodeIgniter.php(353): CodeIgniter\CodeIgniter->handleRequest(null, Object(Config\Cache), false)
 9 FCPATH\index.php(79): CodeIgniter\CodeIgniter->run()
10 SYSTEMPATH\Commands\Server\rewrite.php(47): require_once('C:\\install\\htdocs\\tesproyekif\\public\\index.php')
CRITICAL - 2023-11-23 13:54:57 --> Undefined variable $total_pendapatan
in APPPATH\Views\pageskaryawan\laporan.php on line 19.
 1 APPPATH\Views\pageskaryawan\laporan.php(19): CodeIgniter\Debug\Exceptions->errorHandler(2, 'Undefined variable $total_pendapatan', 'C:\\install\\htdocs\\tesproyekif\\app\\Views\\pageskaryawan\\laporan.php', 19)
 2 SYSTEMPATH\View\View.php(226): include('C:\\install\\htdocs\\tesproyekif\\app\\Views\\pageskaryawan\\laporan.php')
 3 SYSTEMPATH\View\View.php(229): CodeIgniter\View\View->CodeIgniter\View\{closure}()
 4 SYSTEMPATH\Common.php(1188): CodeIgniter\View\View->render('pageskaryawan/laporan', [], true)
 5 APPPATH\Controllers\PagesKaryawan.php(23): view('pageskaryawan/laporan', [...])
 6 SYSTEMPATH\CodeIgniter.php(919): App\Controllers\PagesKaryawan->laporan()
 7 SYSTEMPATH\CodeIgniter.php(494): CodeIgniter\CodeIgniter->runController(Object(App\Controllers\PagesKaryawan))
 8 SYSTEMPATH\CodeIgniter.php(353): CodeIgniter\CodeIgniter->handleRequest(null, Object(Config\Cache), false)
 9 FCPATH\index.php(79): CodeIgniter\CodeIgniter->run()
10 SYSTEMPATH\Commands\Server\rewrite.php(47): require_once('C:\\install\\htdocs\\tesproyekif\\public\\index.php')
CRITICAL - 2023-11-23 13:55:08 --> Undefined variable $total_pendapatan
in APPPATH\Views\pageskaryawan\laporan.php on line 19.
 1 APPPATH\Views\pageskaryawan\laporan.php(19): CodeIgniter\Debug\Exceptions->errorHandler(2, 'Undefined variable $total_pendapatan', 'C:\\install\\htdocs\\tesproyekif\\app\\Views\\pageskaryawan\\laporan.php', 19)
 2 SYSTEMPATH\View\View.php(226): include('C:\\install\\htdocs\\tesproyekif\\app\\Views\\pageskaryawan\\laporan.php')
 3 SYSTEMPATH\View\View.php(229): CodeIgniter\View\View->CodeIgniter\View\{closure}()
 4 SYSTEMPATH\Common.php(1188): CodeIgniter\View\View->render('pageskaryawan/laporan', [], true)
 5 APPPATH\Controllers\PagesKaryawan.php(23): view('pageskaryawan/laporan', [...])
 6 SYSTEMPATH\CodeIgniter.php(919): App\Controllers\PagesKaryawan->laporan()
 7 SYSTEMPATH\CodeIgniter.php(494): CodeIgniter\CodeIgniter->runController(Object(App\Controllers\PagesKaryawan))
 8 SYSTEMPATH\CodeIgniter.php(353): CodeIgniter\CodeIgniter->handleRequest(null, Object(Config\Cache), false)
 9 FCPATH\index.php(79): CodeIgniter\CodeIgniter->run()
10 SYSTEMPATH\Commands\Server\rewrite.php(47): require_once('C:\\install\\htdocs\\tesproyekif\\public\\index.php')
CRITICAL - 2023-11-23 13:55:10 --> Undefined variable $total_pendapatan
in APPPATH\Views\pageskaryawan\laporan.php on line 19.
 1 APPPATH\Views\pageskaryawan\laporan.php(19): CodeIgniter\Debug\Exceptions->errorHandler(2, 'Undefined variable $total_pendapatan', 'C:\\install\\htdocs\\tesproyekif\\app\\Views\\pageskaryawan\\laporan.php', 19)
 2 SYSTEMPATH\View\View.php(226): include('C:\\install\\htdocs\\tesproyekif\\app\\Views\\pageskaryawan\\laporan.php')
 3 SYSTEMPATH\View\View.php(229): CodeIgniter\View\View->CodeIgniter\View\{closure}()
 4 SYSTEMPATH\Common.php(1188): CodeIgniter\View\View->render('pageskaryawan/laporan', [], true)
 5 APPPATH\Controllers\PagesKaryawan.php(23): view('pageskaryawan/laporan', [...])
 6 SYSTEMPATH\CodeIgniter.php(919): App\Controllers\PagesKaryawan->laporan()
 7 SYSTEMPATH\CodeIgniter.php(494): CodeIgniter\CodeIgniter->runController(Object(App\Controllers\PagesKaryawan))
 8 SYSTEMPATH\CodeIgniter.php(353): CodeIgniter\CodeIgniter->handleRequest(null, Object(Config\Cache), false)
 9 FCPATH\index.php(79): CodeIgniter\CodeIgniter->run()
10 SYSTEMPATH\Commands\Server\rewrite.php(47): require_once('C:\\install\\htdocs\\tesproyekif\\public\\index.php')
CRITICAL - 2023-11-23 14:01:12 --> Undefined variable $total_pendapatan
in APPPATH\Views\pageskaryawan\laporan.php on line 19.
 1 APPPATH\Views\pageskaryawan\laporan.php(19): CodeIgniter\Debug\Exceptions->errorHandler(2, 'Undefined variable $total_pendapatan', 'C:\\install\\htdocs\\tesproyekif\\app\\Views\\pageskaryawan\\laporan.php', 19)
 2 SYSTEMPATH\View\View.php(226): include('C:\\install\\htdocs\\tesproyekif\\app\\Views\\pageskaryawan\\laporan.php')
 3 SYSTEMPATH\View\View.php(229): CodeIgniter\View\View->CodeIgniter\View\{closure}()
 4 SYSTEMPATH\Common.php(1188): CodeIgniter\View\View->render('pageskaryawan/laporan', [], true)
 5 APPPATH\Controllers\PagesKaryawan.php(23): view('pageskaryawan/laporan', [...])
 6 SYSTEMPATH\CodeIgniter.php(919): App\Controllers\PagesKaryawan->laporan()
 7 SYSTEMPATH\CodeIgniter.php(494): CodeIgniter\CodeIgniter->runController(Object(App\Controllers\PagesKaryawan))
 8 SYSTEMPATH\CodeIgniter.php(353): CodeIgniter\CodeIgniter->handleRequest(null, Object(Config\Cache), false)
 9 FCPATH\index.php(79): CodeIgniter\CodeIgniter->run()
10 SYSTEMPATH\Commands\Server\rewrite.php(47): require_once('C:\\install\\htdocs\\tesproyekif\\public\\index.php')
CRITICAL - 2023-11-23 14:02:32 --> Undefined variable $total_pendapatan
in APPPATH\Views\pageskaryawan\laporan.php on line 19.
 1 APPPATH\Views\pageskaryawan\laporan.php(19): CodeIgniter\Debug\Exceptions->errorHandler(2, 'Undefined variable $total_pendapatan', 'C:\\install\\htdocs\\tesproyekif\\app\\Views\\pageskaryawan\\laporan.php', 19)
 2 SYSTEMPATH\View\View.php(226): include('C:\\install\\htdocs\\tesproyekif\\app\\Views\\pageskaryawan\\laporan.php')
 3 SYSTEMPATH\View\View.php(229): CodeIgniter\View\View->CodeIgniter\View\{closure}()
 4 SYSTEMPATH\Common.php(1188): CodeIgniter\View\View->render('pageskaryawan/laporan', [], true)
 5 APPPATH\Controllers\PagesKaryawan.php(23): view('pageskaryawan/laporan', [...])
 6 SYSTEMPATH\CodeIgniter.php(919): App\Controllers\PagesKaryawan->laporan()
 7 SYSTEMPATH\CodeIgniter.php(494): CodeIgniter\CodeIgniter->runController(Object(App\Controllers\PagesKaryawan))
 8 SYSTEMPATH\CodeIgniter.php(353): CodeIgniter\CodeIgniter->handleRequest(null, Object(Config\Cache), false)
 9 FCPATH\index.php(79): CodeIgniter\CodeIgniter->run()
10 SYSTEMPATH\Commands\Server\rewrite.php(47): require_once('C:\\install\\htdocs\\tesproyekif\\public\\index.php')
CRITICAL - 2023-11-23 14:11:21 --> Undefined variable $total_pendapatan
in APPPATH\Views\pageskaryawan\laporan.php on line 19.
 1 APPPATH\Views\pageskaryawan\laporan.php(19): CodeIgniter\Debug\Exceptions->errorHandler(2, 'Undefined variable $total_pendapatan', 'C:\\install\\htdocs\\tesproyekif\\app\\Views\\pageskaryawan\\laporan.php', 19)
 2 SYSTEMPATH\View\View.php(226): include('C:\\install\\htdocs\\tesproyekif\\app\\Views\\pageskaryawan\\laporan.php')
 3 SYSTEMPATH\View\View.php(229): CodeIgniter\View\View->CodeIgniter\View\{closure}()
 4 SYSTEMPATH\Common.php(1188): CodeIgniter\View\View->render('pageskaryawan/laporan', [], true)
 5 APPPATH\Controllers\PagesKaryawan.php(23): view('pageskaryawan/laporan', [...])
 6 SYSTEMPATH\CodeIgniter.php(919): App\Controllers\PagesKaryawan->laporan()
 7 SYSTEMPATH\CodeIgniter.php(494): CodeIgniter\CodeIgniter->runController(Object(App\Controllers\PagesKaryawan))
 8 SYSTEMPATH\CodeIgniter.php(353): CodeIgniter\CodeIgniter->handleRequest(null, Object(Config\Cache), false)
 9 FCPATH\index.php(79): CodeIgniter\CodeIgniter->run()
10 SYSTEMPATH\Commands\Server\rewrite.php(47): require_once('C:\\install\\htdocs\\tesproyekif\\public\\index.php')
CRITICAL - 2023-11-23 14:14:09 --> Undefined variable $total_pendapatan
in APPPATH\Views\pageskaryawan\laporan.php on line 19.
 1 APPPATH\Views\pageskaryawan\laporan.php(19): CodeIgniter\Debug\Exceptions->errorHandler(2, 'Undefined variable $total_pendapatan', 'C:\\install\\htdocs\\tesproyekif\\app\\Views\\pageskaryawan\\laporan.php', 19)
 2 SYSTEMPATH\View\View.php(226): include('C:\\install\\htdocs\\tesproyekif\\app\\Views\\pageskaryawan\\laporan.php')
 3 SYSTEMPATH\View\View.php(229): CodeIgniter\View\View->CodeIgniter\View\{closure}()
 4 SYSTEMPATH\Common.php(1188): CodeIgniter\View\View->render('pageskaryawan/laporan', [], true)
 5 APPPATH\Controllers\PagesKaryawan.php(23): view('pageskaryawan/laporan', [...])
 6 SYSTEMPATH\CodeIgniter.php(919): App\Controllers\PagesKaryawan->laporan()
 7 SYSTEMPATH\CodeIgniter.php(494): CodeIgniter\CodeIgniter->runController(Object(App\Controllers\PagesKaryawan))
 8 SYSTEMPATH\CodeIgniter.php(353): CodeIgniter\CodeIgniter->handleRequest(null, Object(Config\Cache), false)
 9 FCPATH\index.php(79): CodeIgniter\CodeIgniter->run()
10 SYSTEMPATH\Commands\Server\rewrite.php(47): require_once('C:\\install\\htdocs\\tesproyekif\\public\\index.php')
CRITICAL - 2023-11-23 14:24:19 --> Undefined variable $total_pendapatan
in APPPATH\Views\pageskaryawan\laporan.php on line 33.
 1 APPPATH\Views\pageskaryawan\laporan.php(33): CodeIgniter\Debug\Exceptions->errorHandler(2, 'Undefined variable $total_pendapatan', 'C:\\install\\htdocs\\tesproyekif\\app\\Views\\pageskaryawan\\laporan.php', 33)
 2 SYSTEMPATH\View\View.php(226): include('C:\\install\\htdocs\\tesproyekif\\app\\Views\\pageskaryawan\\laporan.php')
 3 SYSTEMPATH\View\View.php(229): CodeIgniter\View\View->CodeIgniter\View\{closure}()
 4 SYSTEMPATH\Common.php(1188): CodeIgniter\View\View->render('pageskaryawan/laporan', [], true)
 5 APPPATH\Controllers\PagesKaryawan.php(23): view('pageskaryawan/laporan', [...])
 6 SYSTEMPATH\CodeIgniter.php(919): App\Controllers\PagesKaryawan->laporan()
 7 SYSTEMPATH\CodeIgniter.php(494): CodeIgniter\CodeIgniter->runController(Object(App\Controllers\PagesKaryawan))
 8 SYSTEMPATH\CodeIgniter.php(353): CodeIgniter\CodeIgniter->handleRequest(null, Object(Config\Cache), false)
 9 FCPATH\index.php(79): CodeIgniter\CodeIgniter->run()
10 SYSTEMPATH\Commands\Server\rewrite.php(47): require_once('C:\\install\\htdocs\\tesproyekif\\public\\index.php')
CRITICAL - 2023-11-23 15:04:55 --> Undefined variable $data_penjualan
in APPPATH\Views\pageskaryawan\laporan.php on line 17.
 1 APPPATH\Views\pageskaryawan\laporan.php(17): CodeIgniter\Debug\Exceptions->errorHandler(2, 'Undefined variable $data_penjualan', 'C:\\install\\htdocs\\tesproyekif\\app\\Views\\pageskaryawan\\laporan.php', 17)
 2 SYSTEMPATH\View\View.php(226): include('C:\\install\\htdocs\\tesproyekif\\app\\Views\\pageskaryawan\\laporan.php')
 3 SYSTEMPATH\View\View.php(229): CodeIgniter\View\View->CodeIgniter\View\{closure}()
 4 SYSTEMPATH\Common.php(1188): CodeIgniter\View\View->render('pageskaryawan/laporan', [], true)
 5 APPPATH\Controllers\PagesKaryawan.php(23): view('pageskaryawan/laporan', [...])
 6 SYSTEMPATH\CodeIgniter.php(919): App\Controllers\PagesKaryawan->laporan()
 7 SYSTEMPATH\CodeIgniter.php(494): CodeIgniter\CodeIgniter->runController(Object(App\Controllers\PagesKaryawan))
 8 SYSTEMPATH\CodeIgniter.php(353): CodeIgniter\CodeIgniter->handleRequest(null, Object(Config\Cache), false)
 9 FCPATH\index.php(79): CodeIgniter\CodeIgniter->run()
10 SYSTEMPATH\Commands\Server\rewrite.php(47): require_once('C:\\install\\htdocs\\tesproyekif\\public\\index.php')
CRITICAL - 2023-11-23 15:07:58 --> Undefined variable $dt
in APPPATH\Views\pageskaryawan\laporan.php on line 17.
 1 APPPATH\Views\pageskaryawan\laporan.php(17): CodeIgniter\Debug\Exceptions->errorHandler(2, 'Undefined variable $dt', 'C:\\install\\htdocs\\tesproyekif\\app\\Views\\pageskaryawan\\laporan.php', 17)
 2 SYSTEMPATH\View\View.php(226): include('C:\\install\\htdocs\\tesproyekif\\app\\Views\\pageskaryawan\\laporan.php')
 3 SYSTEMPATH\View\View.php(229): CodeIgniter\View\View->CodeIgniter\View\{closure}()
 4 SYSTEMPATH\Common.php(1188): CodeIgniter\View\View->render('pageskaryawan/laporan', [], true)
 5 APPPATH\Controllers\PagesKaryawan.php(23): view('pageskaryawan/laporan', [...])
 6 SYSTEMPATH\CodeIgniter.php(919): App\Controllers\PagesKaryawan->laporan()
 7 SYSTEMPATH\CodeIgniter.php(494): CodeIgniter\CodeIgniter->runController(Object(App\Controllers\PagesKaryawan))
 8 SYSTEMPATH\CodeIgniter.php(353): CodeIgniter\CodeIgniter->handleRequest(null, Object(Config\Cache), false)
 9 FCPATH\index.php(79): CodeIgniter\CodeIgniter->run()
10 SYSTEMPATH\Commands\Server\rewrite.php(47): require_once('C:\\install\\htdocs\\tesproyekif\\public\\index.php')
CRITICAL - 2023-11-23 15:08:16 --> Undefined variable $total_pendapatan
in APPPATH\Views\pageskaryawan\laporan.php on line 17.
 1 APPPATH\Views\pageskaryawan\laporan.php(17): CodeIgniter\Debug\Exceptions->errorHandler(2, 'Undefined variable $total_pendapatan', 'C:\\install\\htdocs\\tesproyekif\\app\\Views\\pageskaryawan\\laporan.php', 17)
 2 SYSTEMPATH\View\View.php(226): include('C:\\install\\htdocs\\tesproyekif\\app\\Views\\pageskaryawan\\laporan.php')
 3 SYSTEMPATH\View\View.php(229): CodeIgniter\View\View->CodeIgniter\View\{closure}()
 4 SYSTEMPATH\Common.php(1188): CodeIgniter\View\View->render('pageskaryawan/laporan', [], true)
 5 APPPATH\Controllers\PagesKaryawan.php(23): view('pageskaryawan/laporan', [...])
 6 SYSTEMPATH\CodeIgniter.php(919): App\Controllers\PagesKaryawan->laporan()
 7 SYSTEMPATH\CodeIgniter.php(494): CodeIgniter\CodeIgniter->runController(Object(App\Controllers\PagesKaryawan))
 8 SYSTEMPATH\CodeIgniter.php(353): CodeIgniter\CodeIgniter->handleRequest(null, Object(Config\Cache), false)
 9 FCPATH\index.php(79): CodeIgniter\CodeIgniter->run()
10 SYSTEMPATH\Commands\Server\rewrite.php(47): require_once('C:\\install\\htdocs\\tesproyekif\\public\\index.php')
CRITICAL - 2023-11-23 15:53:10 --> Undefined variable $data_penjualan
in APPPATH\Views\pageskaryawan\laporan.php on line 19.
 1 APPPATH\Views\pageskaryawan\laporan.php(19): CodeIgniter\Debug\Exceptions->errorHandler(2, 'Undefined variable $data_penjualan', 'C:\\install\\htdocs\\tesproyekif\\app\\Views\\pageskaryawan\\laporan.php', 19)
 2 SYSTEMPATH\View\View.php(226): include('C:\\install\\htdocs\\tesproyekif\\app\\Views\\pageskaryawan\\laporan.php')
 3 SYSTEMPATH\View\View.php(229): CodeIgniter\View\View->CodeIgniter\View\{closure}()
 4 SYSTEMPATH\Common.php(1188): CodeIgniter\View\View->render('pageskaryawan/laporan', [], true)
 5 APPPATH\Controllers\PagesKaryawan.php(23): view('pageskaryawan/laporan', [...])
 6 SYSTEMPATH\CodeIgniter.php(919): App\Controllers\PagesKaryawan->laporan()
 7 SYSTEMPATH\CodeIgniter.php(494): CodeIgniter\CodeIgniter->runController(Object(App\Controllers\PagesKaryawan))
 8 SYSTEMPATH\CodeIgniter.php(353): CodeIgniter\CodeIgniter->handleRequest(null, Object(Config\Cache), false)
 9 FCPATH\index.php(79): CodeIgniter\CodeIgniter->run()
10 SYSTEMPATH\Commands\Server\rewrite.php(47): require_once('C:\\install\\htdocs\\tesproyekif\\public\\index.php')
CRITICAL - 2023-11-23 15:55:50 --> Undefined variable $data_penjualan
in APPPATH\Views\pageskaryawan\laporan.php on line 19.
 1 APPPATH\Views\pageskaryawan\laporan.php(19): CodeIgniter\Debug\Exceptions->errorHandler(2, 'Undefined variable $data_penjualan', 'C:\\install\\htdocs\\tesproyekif\\app\\Views\\pageskaryawan\\laporan.php', 19)
 2 SYSTEMPATH\View\View.php(226): include('C:\\install\\htdocs\\tesproyekif\\app\\Views\\pageskaryawan\\laporan.php')
 3 SYSTEMPATH\View\View.php(229): CodeIgniter\View\View->CodeIgniter\View\{closure}()
 4 SYSTEMPATH\Common.php(1188): CodeIgniter\View\View->render('pageskaryawan/laporan', [], true)
 5 APPPATH\Controllers\PagesKaryawan.php(23): view('pageskaryawan/laporan', [...])
 6 SYSTEMPATH\CodeIgniter.php(919): App\Controllers\PagesKaryawan->laporan()
 7 SYSTEMPATH\CodeIgniter.php(494): CodeIgniter\CodeIgniter->runController(Object(App\Controllers\PagesKaryawan))
 8 SYSTEMPATH\CodeIgniter.php(353): CodeIgniter\CodeIgniter->handleRequest(null, Object(Config\Cache), false)
 9 FCPATH\index.php(79): CodeIgniter\CodeIgniter->run()
10 SYSTEMPATH\Commands\Server\rewrite.php(47): require_once('C:\\install\\htdocs\\tesproyekif\\public\\index.php')
CRITICAL - 2023-11-23 15:55:51 --> Undefined variable $data_penjualan
in APPPATH\Views\pageskaryawan\laporan.php on line 19.
 1 APPPATH\Views\pageskaryawan\laporan.php(19): CodeIgniter\Debug\Exceptions->errorHandler(2, 'Undefined variable $data_penjualan', 'C:\\install\\htdocs\\tesproyekif\\app\\Views\\pageskaryawan\\laporan.php', 19)
 2 SYSTEMPATH\View\View.php(226): include('C:\\install\\htdocs\\tesproyekif\\app\\Views\\pageskaryawan\\laporan.php')
 3 SYSTEMPATH\View\View.php(229): CodeIgniter\View\View->CodeIgniter\View\{closure}()
 4 SYSTEMPATH\Common.php(1188): CodeIgniter\View\View->render('pageskaryawan/laporan', [], true)
 5 APPPATH\Controllers\PagesKaryawan.php(23): view('pageskaryawan/laporan', [...])
 6 SYSTEMPATH\CodeIgniter.php(919): App\Controllers\PagesKaryawan->laporan()
 7 SYSTEMPATH\CodeIgniter.php(494): CodeIgniter\CodeIgniter->runController(Object(App\Controllers\PagesKaryawan))
 8 SYSTEMPATH\CodeIgniter.php(353): CodeIgniter\CodeIgniter->handleRequest(null, Object(Config\Cache), false)
 9 FCPATH\index.php(79): CodeIgniter\CodeIgniter->run()
10 SYSTEMPATH\Commands\Server\rewrite.php(47): require_once('C:\\install\\htdocs\\tesproyekif\\public\\index.php')
CRITICAL - 2023-11-23 16:14:20 --> Undefined variable $data_penjualan
in APPPATH\Views\pageskaryawan\laporan.php on line 19.
 1 APPPATH\Views\pageskaryawan\laporan.php(19): CodeIgniter\Debug\Exceptions->errorHandler(2, 'Undefined variable $data_penjualan', 'C:\\install\\htdocs\\tesproyekif\\app\\Views\\pageskaryawan\\laporan.php', 19)
 2 SYSTEMPATH\View\View.php(226): include('C:\\install\\htdocs\\tesproyekif\\app\\Views\\pageskaryawan\\laporan.php')
 3 SYSTEMPATH\View\View.php(229): CodeIgniter\View\View->CodeIgniter\View\{closure}()
 4 SYSTEMPATH\Common.php(1188): CodeIgniter\View\View->render('pageskaryawan/laporan', [], true)
 5 APPPATH\Controllers\PagesKaryawan.php(23): view('pageskaryawan/laporan', [...])
 6 SYSTEMPATH\CodeIgniter.php(919): App\Controllers\PagesKaryawan->laporan()
 7 SYSTEMPATH\CodeIgniter.php(494): CodeIgniter\CodeIgniter->runController(Object(App\Controllers\PagesKaryawan))
 8 SYSTEMPATH\CodeIgniter.php(353): CodeIgniter\CodeIgniter->handleRequest(null, Object(Config\Cache), false)
 9 FCPATH\index.php(79): CodeIgniter\CodeIgniter->run()
10 SYSTEMPATH\Commands\Server\rewrite.php(47): require_once('C:\\install\\htdocs\\tesproyekif\\public\\index.php')
